TN:
SF:src\suggest.ts
FN:10,(anonymous_0)
FN:18,(anonymous_1)
FN:21,(anonymous_2)
FN:22,(anonymous_3)
FN:26,(anonymous_4)
FN:30,(anonymous_5)
FN:41,(anonymous_6)
FN:49,(anonymous_7)
FN:52,(anonymous_8)
FN:58,(anonymous_9)
FN:62,(anonymous_10)
FN:66,(anonymous_11)
FNF:12
FNH:0
FNDA:0,(anonymous_0)
FNDA:0,(anonymous_1)
FNDA:0,(anonymous_2)
FNDA:0,(anonymous_3)
FNDA:0,(anonymous_4)
FNDA:0,(anonymous_5)
FNDA:0,(anonymous_6)
FNDA:0,(anonymous_7)
FNDA:0,(anonymous_8)
FNDA:0,(anonymous_9)
FNDA:0,(anonymous_10)
FNDA:0,(anonymous_11)
DA:13,0
DA:15,0
DA:19,0
DA:20,0
DA:21,0
DA:22,0
DA:27,0
DA:31,0
DA:32,0
DA:33,0
DA:44,0
DA:46,0
DA:50,0
DA:51,0
DA:52,0
DA:53,0
DA:54,0
DA:57,0
DA:58,0
DA:63,0
DA:67,0
DA:68,0
DA:69,0
DA:70,0
LF:24
LH:0
BRDA:53,0,0,0
BRDA:53,0,1,0
BRDA:53,1,0,0
BRDA:53,1,1,0
BRDA:63,2,0,0
BRDA:63,2,1,0
BRDA:67,3,0,0
BRDA:67,3,1,0
BRF:8
BRH:0
end_of_record
TN:
SF:src\types.ts
FN:44,parseMask
FN:54,formatWithMask
FNF:2
FNH:0
FNDA:0,parseMask
FNDA:0,formatWithMask
DA:31,0
DA:45,0
DA:46,0
DA:47,0
DA:55,0
DA:56,0
DA:57,0
LF:7
LH:0
BRDA:46,0,0,0
BRDA:46,0,1,0
BRDA:46,1,0,0
BRDA:46,1,1,0
BRDA:46,1,2,0
BRDA:57,2,0,0
BRDA:57,2,1,0
BRF:7
BRH:0
end_of_record
TN:
SF:src\date\AtheneDate.ts
FN:30,isEdtfDate
FN:35,parseEdtfParts
FN:62,(anonymous_2)
FN:76,(anonymous_3)
FN:100,(anonymous_4)
FN:105,(anonymous_5)
FN:113,(anonymous_6)
FN:117,(anonymous_7)
FN:131,(anonymous_8)
FN:137,(anonymous_9)
FN:148,(anonymous_10)
FN:163,(anonymous_11)
FN:198,(anonymous_12)
FN:221,(anonymous_13)
FN:231,(anonymous_14)
FN:236,(anonymous_15)
FN:254,(anonymous_16)
FN:262,(anonymous_17)
FN:269,(anonymous_18)
FN:274,(anonymous_19)
FNF:20
FNH:18
FNDA:58,isEdtfDate
FNDA:38,parseEdtfParts
FNDA:61,(anonymous_2)
FNDA:1,(anonymous_3)
FNDA:109,(anonymous_4)
FNDA:2,(anonymous_5)
FNDA:4,(anonymous_6)
FNDA:11,(anonymous_7)
FNDA:5,(anonymous_8)
FNDA:16,(anonymous_9)
FNDA:5,(anonymous_10)
FNDA:11,(anonymous_11)
FNDA:14,(anonymous_12)
FNDA:16,(anonymous_13)
FNDA:0,(anonymous_14)
FNDA:10,(anonymous_15)
FNDA:11,(anonymous_16)
FNDA:5,(anonymous_17)
FNDA:0,(anonymous_18)
FNDA:1,(anonymous_19)
DA:31,58
DA:36,38
DA:37,38
DA:46,1
DA:51,1
DA:63,61
DA:64,61
DA:65,61
DA:77,62
DA:78,61
DA:79,61
DA:80,61
DA:82,61
DA:83,41
DA:84,41
DA:85,41
DA:87,18
DA:88,18
DA:89,18
DA:92,59
DA:94,2
DA:101,109
DA:106,2
DA:107,2
DA:108,2
DA:114,4
DA:118,11
DA:119,11
DA:120,4
DA:121,2
DA:122,0
DA:132,5
DA:133,5
DA:134,5
DA:138,16
DA:139,4
DA:141,4
DA:142,4
DA:143,4
DA:145,12
DA:149,5
DA:150,1
DA:151,1
DA:152,3
DA:164,11
DA:165,11
DA:167,11
DA:169,11
DA:171,11
DA:172,11
DA:173,8
DA:174,8
DA:180,3
DA:181,3
DA:182,3
DA:183,0
DA:184,0
DA:185,0
DA:188,0
DA:191,3
DA:192,3
DA:199,14
DA:200,4
DA:201,4
DA:202,4
DA:203,4
DA:204,3
DA:205,2
DA:206,0
DA:209,10
DA:210,10
DA:214,14
DA:217,14
DA:218,14
DA:222,16
DA:223,16
DA:224,11
DA:225,10
DA:232,0
DA:237,10
DA:238,3
DA:239,3
DA:240,3
DA:241,3
DA:242,2
DA:243,1
DA:246,7
DA:247,7
DA:251,10
DA:255,11
DA:256,11
DA:257,10
DA:258,9
DA:263,5
DA:264,4
DA:265,3
DA:270,0
DA:271,0
DA:275,1
LF:99
LH:90
BRDA:31,0,0,58
BRDA:31,0,1,58
BRDA:31,0,2,38
BRDA:38,1,0,38
BRDA:38,1,1,0
BRDA:39,2,0,12
BRDA:39,2,1,26
BRDA:39,3,0,12
BRDA:39,3,1,0
BRDA:40,4,0,8
BRDA:40,4,1,30
BRDA:40,5,0,8
BRDA:40,5,1,0
BRDA:76,6,0,62
BRDA:77,7,0,1
BRDA:77,7,1,61
BRDA:82,8,0,41
BRDA:82,8,1,18
BRDA:84,9,0,9
BRDA:84,9,1,32
BRDA:85,10,0,5
BRDA:85,10,1,36
BRDA:88,11,0,7
BRDA:88,11,1,11
BRDA:89,12,0,5
BRDA:89,12,1,13
BRDA:119,13,0,7
BRDA:119,13,1,4
BRDA:120,14,0,2
BRDA:120,14,1,2
BRDA:121,15,0,2
BRDA:121,15,1,0
BRDA:133,16,0,0
BRDA:133,16,1,5
BRDA:138,17,0,4
BRDA:138,17,1,12
BRDA:141,18,0,2
BRDA:141,18,1,2
BRDA:142,19,0,2
BRDA:142,19,1,2
BRDA:143,20,0,4
BRDA:143,20,1,2
BRDA:149,21,0,1
BRDA:149,21,1,1
BRDA:149,21,2,3
BRDA:165,22,0,0
BRDA:165,22,1,11
BRDA:169,23,0,0
BRDA:169,23,1,11
BRDA:172,24,0,8
BRDA:172,24,1,3
BRDA:174,25,0,8
BRDA:174,25,1,0
BRDA:180,26,0,3
BRDA:180,26,1,0
BRDA:183,27,0,0
BRDA:183,27,1,0
BRDA:192,28,0,3
BRDA:192,28,1,0
BRDA:199,29,0,4
BRDA:199,29,1,10
BRDA:201,30,0,3
BRDA:201,30,1,1
BRDA:202,31,0,3
BRDA:202,31,1,1
BRDA:203,32,0,1
BRDA:203,32,1,3
BRDA:203,33,0,4
BRDA:203,33,1,1
BRDA:204,34,0,1
BRDA:204,34,1,2
BRDA:204,35,0,3
BRDA:204,35,1,3
BRDA:205,36,0,2
BRDA:205,36,1,0
BRDA:205,37,0,2
BRDA:205,37,1,2
BRDA:210,38,0,2
BRDA:210,38,1,8
BRDA:211,39,0,1
BRDA:211,39,1,7
BRDA:212,40,0,1
BRDA:212,40,1,6
BRDA:214,41,0,14
BRDA:214,41,1,8
BRDA:214,41,2,7
BRDA:217,42,0,1
BRDA:217,42,1,9
BRDA:217,43,0,14
BRDA:217,43,1,2
BRDA:223,44,0,5
BRDA:223,44,1,11
BRDA:224,45,0,1
BRDA:224,45,1,10
BRDA:237,46,0,3
BRDA:237,46,1,7
BRDA:239,47,0,2
BRDA:239,47,1,1
BRDA:240,48,0,2
BRDA:240,48,1,1
BRDA:241,49,0,1
BRDA:241,49,1,2
BRDA:241,50,0,3
BRDA:241,50,1,1
BRDA:242,51,0,1
BRDA:242,51,1,1
BRDA:242,52,0,2
BRDA:242,52,1,2
BRDA:243,53,0,1
BRDA:243,53,1,0
BRDA:243,54,0,1
BRDA:243,54,1,1
BRDA:247,55,0,1
BRDA:247,55,1,6
BRDA:248,56,0,1
BRDA:248,56,1,5
BRDA:249,57,0,1
BRDA:249,57,1,4
BRDA:250,58,0,1
BRDA:250,58,1,3
BRDA:256,59,0,1
BRDA:256,59,1,10
BRDA:257,60,0,1
BRDA:257,60,1,9
BRDA:263,61,0,1
BRDA:263,61,1,4
BRDA:264,62,0,1
BRDA:264,62,1,3
BRDA:270,63,0,0
BRDA:270,63,1,0
BRF:130
BRH:114
end_of_record
TN:
SF:src\date\index.ts
FNF:0
FNH:0
LF:0
LH:0
BRF:0
BRH:0
end_of_record
TN:
SF:src\date\qualifiers.ts
FN:20,sortOffsetFor
FNF:1
FNH:1
FNDA:11,sortOffsetFor
DA:21,11
DA:22,10
DA:23,9
DA:24,8
DA:25,7
LF:5
LH:5
BRDA:21,0,0,1
BRDA:21,0,1,10
BRDA:22,1,0,1
BRDA:22,1,1,9
BRDA:23,2,0,1
BRDA:23,2,1,8
BRDA:23,3,0,9
BRDA:23,3,1,9
BRDA:24,4,0,1
BRDA:24,4,1,7
BRF:10
BRH:10
end_of_record
TN:
SF:src\factory\FileFactory.ts
FN:17,(anonymous_0)
FN:47,(anonymous_1)
FN:52,(anonymous_2)
FN:99,(anonymous_3)
FN:110,(anonymous_4)
FN:130,(anonymous_5)
FN:131,(anonymous_6)
FN:132,(anonymous_7)
FN:136,(anonymous_8)
FN:147,(anonymous_9)
FNF:10
FNH:0
FNDA:0,(anonymous_0)
FNDA:0,(anonymous_1)
FNDA:0,(anonymous_2)
FNDA:0,(anonymous_3)
FNDA:0,(anonymous_4)
FNDA:0,(anonymous_5)
FNDA:0,(anonymous_6)
FNDA:0,(anonymous_7)
FNDA:0,(anonymous_8)
FNDA:0,(anonymous_9)
DA:18,0
DA:19,0
DA:21,0
DA:48,0
DA:49,0
DA:53,0
DA:55,0
DA:56,0
DA:59,0
DA:60,0
DA:61,0
DA:65,0
DA:66,0
DA:67,0
DA:71,0
DA:72,0
DA:74,0
DA:78,0
DA:79,0
DA:80,0
DA:84,0
DA:85,0
DA:86,0
DA:90,0
DA:91,0
DA:93,0
DA:94,0
DA:98,0
DA:99,0
DA:100,0
DA:102,0
DA:105,0
DA:111,0
DA:112,0
DA:113,0
DA:116,0
DA:117,0
DA:118,0
DA:119,0
DA:120,0
DA:121,0
DA:126,0
DA:127,0
DA:131,0
DA:132,0
DA:133,0
DA:135,0
DA:136,0
DA:137,0
DA:138,0
DA:139,0
DA:140,0
DA:148,0
DA:149,0
DA:151,0
DA:152,0
DA:154,0
LF:57
LH:0
BRDA:53,0,0,0
BRDA:56,1,0,0
BRDA:56,1,1,0
BRDA:60,2,0,0
BRDA:60,2,1,0
BRDA:60,3,0,0
BRDA:60,3,1,0
BRDA:65,4,0,0
BRDA:65,4,1,0
BRDA:66,5,0,0
BRDA:66,5,1,0
BRDA:78,6,0,0
BRDA:78,6,1,0
BRDA:84,7,0,0
BRDA:84,7,1,0
BRDA:85,8,0,0
BRDA:85,8,1,0
BRDA:90,9,0,0
BRDA:90,9,1,0
BRDA:94,10,0,0
BRDA:94,10,1,0
BRDA:112,11,0,0
BRDA:112,11,1,0
BRDA:116,12,0,0
BRDA:116,12,1,0
BRDA:119,13,0,0
BRDA:119,13,1,0
BRDA:133,14,0,0
BRDA:133,14,1,0
BRDA:137,15,0,0
BRDA:137,15,1,0
BRDA:149,16,0,0
BRDA:149,16,1,0
BRDA:152,17,0,0
BRDA:152,17,1,0
BRF:35
BRH:0
end_of_record
TN:
SF:src\registry\IdRegistry.ts
FN:13,(anonymous_0)
FN:19,(anonymous_1)
FN:28,(anonymous_2)
FN:40,(anonymous_3)
FN:50,(anonymous_4)
FN:60,(anonymous_5)
FNF:6
FNH:0
FNDA:0,(anonymous_0)
FNDA:0,(anonymous_1)
FNDA:0,(anonymous_2)
FNDA:0,(anonymous_3)
FNDA:0,(anonymous_4)
FNDA:0,(anonymous_5)
DA:13,0
DA:20,0
DA:21,0
DA:29,0
DA:30,0
DA:31,0
DA:32,0
DA:33,0
DA:41,0
DA:42,0
DA:43,0
DA:45,0
DA:51,0
DA:52,0
DA:53,0
DA:54,0
DA:55,0
DA:56,0
DA:57,0
DA:61,0
DA:62,0
DA:64,0
DA:65,0
DA:67,0
DA:69,0
DA:70,0
DA:73,0
DA:74,0
DA:75,0
DA:76,0
DA:77,0
DA:78,0
DA:79,0
DA:84,0
DA:85,0
DA:86,0
DA:89,0
DA:92,0
LF:38
LH:0
BRDA:53,0,0,0
BRDA:53,0,1,0
BRDA:73,1,0,0
BRDA:73,1,1,0
BRDA:77,2,0,0
BRDA:77,2,1,0
BRDA:79,3,0,0
BRDA:79,3,1,0
BRDA:84,4,0,0
BRDA:84,4,1,0
BRDA:86,5,0,0
BRDA:86,5,1,0
BRDA:89,6,0,0
BRDA:89,6,1,0
BRF:14
BRH:0
end_of_record
